0 info it worked if it ends with ok
1 verbose cli [
1 verbose cli   'C:\\Program Files\\nodejs\\node.exe',
1 verbose cli   'C:\\Program Files\\nodejs\\node_modules\\npm\\bin\\npm-cli.js',
1 verbose cli   'run',
1 verbose cli   'watch'
1 verbose cli ]
2 info using npm@6.14.15
3 info using node@v14.17.6
4 verbose run-script [ 'prewatch', 'watch', 'postwatch' ]
5 info lifecycle react-humanresourece@0.1.0~prewatch: react-humanresourece@0.1.0
6 info lifecycle react-humanresourece@0.1.0~watch: react-humanresourece@0.1.0
7 verbose lifecycle react-humanresourece@0.1.0~watch: unsafe-perm in lifecycle true
8 verbose lifecycle react-humanresourece@0.1.0~watch: PATH: C:\Program Files\nodejs\node_modules\npm\node_modules\npm-lifecycle\node-gyp-bin;C:\Users\Okan PC\Desktop\HumanResource-Frontend-React\react-humanresourece\node_modules\.bin;C:\Windows\system32;C:\Windows;C:\Windows\System32\Wbem;C:\Windows\System32\WindowsPowerShell\v1.0\;C:\Windows\System32\OpenSSH\;C:\Program Files (x86)\NVIDIA Corporation\PhysX\Common;C:\Program Files\NVIDIA Corporation\NVIDIA NvDLISR;C:\Program Files\dotnet\;C:\Program Files\Microsoft SQL Server\130\Tools\Binn\;C:\Program Files\Microsoft SQL Server\Client SDK\ODBC\170\Tools\Binn\;C:\Program Files (x86)\Microsoft SQL Server\150\Tools\Binn\;C:\Program Files\Microsoft SQL Server\150\Tools\Binn\;C:\Program Files\Microsoft SQL Server\150\DTS\Binn\;C:\Program Files (x86)\Microsoft SQL Server\150\DTS\Binn\;C:\Program Files\Azure Data Studio\bin;C:\Program Files\Git\cmd;C:\Program Files\nodejs;C:\Users\Okan PC\AppData\Local\Microsoft\WindowsApps;C:\Users\Okan PC\.dotnet\tools;C:\Program Files\Azure Data Studio\bin;C:\Users\Okan PC\AppData\Local\Programs\Microsoft VS Code\bin;C:\Users\Okan PC\AppData\Roaming\npm
9 verbose lifecycle react-humanresourece@0.1.0~watch: CWD: C:\Users\Okan PC\Desktop\HumanResource-Frontend-React\react-humanresourece
10 silly lifecycle react-humanresourece@0.1.0~watch: Args: [ '/d /s /c', 'npx tailwind.css -o src/style.css --watch' ]
11 silly lifecycle react-humanresourece@0.1.0~watch: Returned: code: 1  signal: null
12 info lifecycle react-humanresourece@0.1.0~watch: Failed to exec watch script
13 verbose stack Error: react-humanresourece@0.1.0 watch: `npx tailwind.css -o src/style.css --watch`
13 verbose stack Exit status 1
13 verbose stack     at EventEmitter.<anonymous> (C:\Program Files\nodejs\node_modules\npm\node_modules\npm-lifecycle\index.js:332:16)
13 verbose stack     at EventEmitter.emit (events.js:400:28)
13 verbose stack     at ChildProcess.<anonymous> (C:\Program Files\nodejs\node_modules\npm\node_modules\npm-lifecycle\lib\spawn.js:55:14)
13 verbose stack     at ChildProcess.emit (events.js:400:28)
13 verbose stack     at maybeClose (internal/child_process.js:1055:16)
13 verbose stack     at Process.ChildProcess._handle.onexit (internal/child_process.js:288:5)
14 verbose pkgid react-humanresourece@0.1.0
15 verbose cwd C:\Users\Okan PC\Desktop\HumanResource-Frontend-React\react-humanresourece
16 verbose Windows_NT 10.0.19042
17 verbose argv "C:\\Program Files\\nodejs\\node.exe" "C:\\Program Files\\nodejs\\node_modules\\npm\\bin\\npm-cli.js" "run" "watch"
18 verbose node v14.17.6
19 verbose npm  v6.14.15
20 error code ELIFECYCLE
21 error errno 1
22 error react-humanresourece@0.1.0 watch: `npx tailwind.css -o src/style.css --watch`
22 error Exit status 1
23 error Failed at the react-humanresourece@0.1.0 watch script.
23 error This is probably not a problem with npm. There is likely additional logging output above.
24 verbose exit [ 1, true ]
